c:\users\cg2\cg2_01\cg2_01\x64\release\imgui_widgets.obj
c:\users\cg2\cg2_01\cg2_01\x64\release\main.obj
c:\users\cg2\cg2_01\cg2_01\x64\release\imgui_impl_dx12.obj
c:\users\cg2\cg2_01\cg2_01\x64\release\imgui.obj
c:\users\cg2\cg2_01\cg2_01\x64\release\imgui_impl_win32.obj
c:\users\cg2\cg2_01\cg2_01\x64\release\imgui_draw.obj
c:\users\cg2\cg2_01\cg2_01\x64\release\imgui_demo.obj
c:\users\cg2\cg2_01\cg2_01\x64\release\imgui_tables.obj
c:\users\cg2\cg2_01\cg2_01\x64\release\vc143.pdb
c:\users\cg2\cg2_01\x64\release\cg2_01.exe
c:\users\cg2\cg2_01\x64\release\cg2_01.pdb
c:\users\cg2\cg2_01\cg2_01\x64\release\cg2_01.ipdb
c:\users\cg2\cg2_01\cg2_01\x64\release\cg2_01.iobj
c:\users\cg2\cg2_01\cg2_01\x64\release\cg2_01.tlog\cl.command.1.tlog
c:\users\cg2\cg2_01\cg2_01\x64\release\cg2_01.tlog\cl.items.tlog
c:\users\cg2\cg2_01\cg2_01\x64\release\cg2_01.tlog\cl.read.1.tlog
c:\users\cg2\cg2_01\cg2_01\x64\release\cg2_01.tlog\cl.write.1.tlog
c:\users\cg2\cg2_01\cg2_01\x64\release\cg2_01.tlog\link.command.1.tlog
c:\users\cg2\cg2_01\cg2_01\x64\release\cg2_01.tlog\link.read.1.tlog
c:\users\cg2\cg2_01\cg2_01\x64\release\cg2_01.tlog\link.secondary.1.tlog
c:\users\cg2\cg2_01\cg2_01\x64\release\cg2_01.tlog\link.write.1.tlog
